# JRE version: OpenJDK Runtime Environment Corretto-17.0.10.7.1 (17.0.10+7) (build 17.0.10+7-LTS)
# Java VM: OpenJDK 64-Bit Server VM Corretto-17.0.10.7.1 (17.0.10+7-LTS, mixed mode, sharing, tiered, compressed oops, compressed class ptrs, g1 gc, windows-amd64)
GC Precious Log:
 CPUs: 8 total, 8 available
 Memory: 16182M
 Large Page Support: Disabled
 NUMA Support: Disabled
 Compressed Oops: Enabled (32-bit)
 Heap Region Size: 1M
 Heap Min Capacity: 256M
 Heap Initial Capacity: 256M
 Heap Max Capacity: 512M
 Pre-touch: Disabled
 Parallel Workers: 8
 Concurrent Workers: 2
 Concurrent Refinement Workers: 8
 Periodic GC: Disabled
Heap:
 garbage-first heap   total 262144K, used 157658K [0x00000000e0000000, 0x0000000100000000)
  region size 1024K, 110 young (112640K), 5 survivors (5120K)
 Metaspace       used 62977K, committed 63616K, reserved 393216K
  class space    used 8578K, committed 8896K, reserved 327680K
GC Heap History (18 events):
Event: 1.389 GC heap before
{Heap before GC invocations=0 (full 0):
 garbage-first heap   total 262144K, used 26624K [0x00000000e0000000, 0x0000000100000000)
  region size 1024K, 23 young (23552K), 0 survivors (0K)
 Metaspace       used 3077K, committed 3200K, reserved 393216K
  class space    used 394K, committed 448K, reserved 327680K
}
Event: 1.421 GC heap after
{Heap after GC invocations=1 (full 0):
 garbage-first heap   total 262144K, used 10555K [0x00000000e0000000, 0x0000000100000000)
  region size 1024K, 3 young (3072K), 3 survivors (3072K)
 Metaspace       used 3077K, committed 3200K, reserved 393216K
  class space    used 394K, committed 448K, reserved 327680K
}
Event: 2.486 GC heap before
{Heap before GC invocations=1 (full 0):
 garbage-first heap   total 262144K, used 37179K [0x00000000e0000000, 0x0000000100000000)
  region size 1024K, 29 young (29696K), 3 survivors (3072K)
 Metaspace       used 4009K, committed 4160K, reserved 393216K
  class space    used 493K, committed 576K, reserved 327680K
}
Event: 2.490 GC heap after
{Heap after GC invocations=2 (full 0):
 garbage-first heap   total 262144K, used 11469K [0x00000000e0000000, 0x0000000100000000)
  region size 1024K, 1 young (1024K), 1 survivors (1024K)
 Metaspace       used 4009K, committed 4160K, reserved 393216K
  class space    used 493K, committed 576K, reserved 327680K
}
Event: 7.766 GC heap before
{Heap before GC invocations=2 (full 0):
 garbage-first heap   total 262144K, used 128205K [0x00000000e0000000, 0x0000000100000000)
  region size 1024K, 116 young (118784K), 1 survivors (1024K)
 Metaspace       used 21266K, committed 21504K, reserved 393216K
  class space    used 3135K, committed 3264K, reserved 327680K
}
Event: 7.781 GC heap after
{Heap after GC invocations=3 (full 0):
 garbage-first heap   total 262144K, used 22858K [0x00000000e0000000, 0x0000000100000000)
  region size 1024K, 12 young (12288K), 12 survivors (12288K)
 Metaspace       used 21266K, committed 21504K, reserved 393216K
  class space    used 3135K, committed 3264K, reserved 327680K
}
Event: 10.752 GC heap before
{Heap before GC invocations=4 (full 0):
 garbage-first heap   total 262144K, used 138570K [0x00000000e0000000, 0x0000000100000000)
  region size 1024K, 122 young (124928K), 12 survivors (12288K)
 Metaspace       used 35624K, committed 35968K, reserved 393216K
  class space    used 4973K, committed 5120K, reserved 327680K
}
Event: 10.768 GC heap after
{Heap after GC invocations=5 (full 0):
 garbage-first heap   total 262144K, used 32076K [0x00000000e0000000, 0x0000000100000000)
  region size 1024K, 10 young (10240K), 10 survivors (10240K)
 Metaspace       used 35624K, committed 35968K, reserved 393216K
  class space    used 4973K, committed 5120K, reserved 327680K
}
Event: 10.826 GC heap before
{Heap before GC invocations=5 (full 0):
 garbage-first heap   total 262144K, used 34124K [0x00000000e0000000, 0x0000000100000000)
  region size 1024K, 12 young (12288K), 10 survivors (10240K)
 Metaspace       used 35931K, committed 36288K, reserved 393216K
  class space    used 5017K, committed 5184K, reserved 327680K
}
Event: 10.833 GC heap after
{Heap after GC invocations=6 (full 0):
 garbage-first heap   total 262144K, used 32068K [0x00000000e0000000, 0x0000000100000000)
  region size 1024K, 2 young (2048K), 2 survivors (2048K)
 Metaspace       used 35931K, committed 36288K, reserved 393216K
  class space    used 5017K, committed 5184K, reserved 327680K
}
Event: 10.837 GC heap before
{Heap before GC invocations=6 (full 0):
 garbage-first heap   total 262144K, used 32068K [0x00000000e0000000, 0x0000000100000000)
  region size 1024K, 3 young (3072K), 2 survivors (2048K)
 Metaspace       used 35938K, committed 36288K, reserved 393216K
  class space    used 5017K, committed 5184K, reserved 327680K
}
Event: 10.838 GC heap after
{Heap after GC invocations=7 (full 0):
 garbage-first heap   total 262144K, used 31025K [0x00000000e0000000, 0x0000000100000000)
  region size 1024K, 1 young (1024K), 1 survivors (1024K)
 Metaspace       used 35938K, committed 36288K, reserved 393216K
  class space    used 5017K, committed 5184K, reserved 327680K
}
Event: 15.026 GC heap before
{Heap before GC invocations=8 (full 0):
 garbage-first heap   total 262144K, used 177457K [0x00000000e0000000, 0x0000000100000000)
  region size 1024K, 142 young (145408K), 1 survivors (1024K)
 Metaspace       used 47301K, committed 47808K, reserved 393216K
  class space    used 6755K, committed 6976K, reserved 327680K
}
Event: 15.042 GC heap after
{Heap after GC invocations=9 (full 0):
 garbage-first heap   total 262144K, used 40065K [0x00000000e0000000, 0x0000000100000000)
  region size 1024K, 10 young (10240K), 10 survivors (10240K)
 Metaspace       used 47301K, committed 47808K, reserved 393216K
  class space    used 6755K, committed 6976K, reserved 327680K
}
Event: 20.950 GC heap before
{Heap before GC invocations=9 (full 0):
 garbage-first heap   total 262144K, used 185473K [0x00000000e0000000, 0x0000000100000000)
  region size 1024K, 153 young (156672K), 10 survivors (10240K)
 Metaspace       used 52883K, committed 53440K, reserved 393216K
  class space    used 7381K, committed 7616K, reserved 327680K
}
Event: 20.973 GC heap after
{Heap after GC invocations=10 (full 0):
 garbage-first heap   total 262144K, used 50756K [0x00000000e0000000, 0x0000000100000000)
  region size 1024K, 20 young (20480K), 20 survivors (20480K)
 Metaspace       used 52883K, committed 53440K, reserved 393216K
  class space    used 7381K, committed 7616K, reserved 327680K
}
Event: 23.798 GC heap before
{Heap before GC invocations=10 (full 0):
 garbage-first heap   total 262144K, used 107076K [0x00000000e0000000, 0x0000000100000000)
  region size 1024K, 76 young (77824K), 20 survivors (20480K)
 Metaspace       used 60092K, committed 60736K, reserved 393216K
  class space    used 8319K, committed 8640K, reserved 327680K
}
Event: 23.822 GC heap after
{Heap after GC invocations=11 (full 0):
 garbage-first heap   total 262144K, used 51162K [0x00000000e0000000, 0x0000000100000000)
  region size 1024K, 5 young (5120K), 5 survivors (5120K)
 Metaspace       used 60092K, committed 60736K, reserved 393216K
  class space    used 8319K, committed 8640K, reserved 327680K
}

