# JRE version: OpenJDK Runtime Environment Corretto-17.0.10.7.1 (17.0.10+7) (build 17.0.10+7-LTS)
# Java VM: OpenJDK 64-Bit Server VM Corretto-17.0.10.7.1 (17.0.10+7-LTS, mixed mode, sharing, tiered, compressed oops, compressed class ptrs, g1 gc, windows-amd64)
GC Precious Log:
 CPUs: 8 total, 8 available
 Memory: 16182M
 Large Page Support: Disabled
 NUMA Support: Disabled
 Compressed Oops: Enabled (32-bit)
 Heap Region Size: 1M
 Heap Min Capacity: 256M
 Heap Initial Capacity: 256M
 Heap Max Capacity: 512M
 Pre-touch: Disabled
 Parallel Workers: 8
 Concurrent Workers: 2
 Concurrent Refinement Workers: 8
 Periodic GC: Disabled
Heap:
 garbage-first heap   total 317440K, used 152989K [0x00000000e0000000, 0x0000000100000000)
  region size 1024K, 47 young (48128K), 2 survivors (2048K)
 Metaspace       used 84173K, committed 85440K, reserved 458752K
  class space    used 10660K, committed 11264K, reserved 327680K
GC Heap History (20 events):
Event: 4168.678 GC heap before
{Heap before GC invocations=134 (full 0):
 garbage-first heap   total 317440K, used 153958K [0x00000000e0000000, 0x0000000100000000)
  region size 1024K, 15 young (15360K), 1 survivors (1024K)
 Metaspace       used 76076K, committed 78144K, reserved 458752K
  class space    used 9578K, committed 10624K, reserved 327680K
}
Event: 4168.687 GC heap after
{Heap after GC invocations=135 (full 0):
 garbage-first heap   total 317440K, used 138626K [0x00000000e0000000, 0x0000000100000000)
  region size 1024K, 2 young (2048K), 2 survivors (2048K)
 Metaspace       used 76076K, committed 78144K, reserved 458752K
  class space    used 9578K, committed 10624K, reserved 327680K
}
Event: 4170.699 GC heap before
{Heap before GC invocations=135 (full 0):
 garbage-first heap   total 317440K, used 236930K [0x00000000e0000000, 0x0000000100000000)
  region size 1024K, 98 young (100352K), 2 survivors (2048K)
 Metaspace       used 80111K, committed 81216K, reserved 458752K
  class space    used 10165K, committed 10688K, reserved 327680K
}
Event: 4170.709 GC heap after
{Heap after GC invocations=136 (full 0):
 garbage-first heap   total 317440K, used 142634K [0x00000000e0000000, 0x0000000100000000)
  region size 1024K, 6 young (6144K), 6 survivors (6144K)
 Metaspace       used 80111K, committed 81216K, reserved 458752K
  class space    used 10165K, committed 10688K, reserved 327680K
}
Event: 4171.954 GC heap before
{Heap before GC invocations=136 (full 0):
 garbage-first heap   total 317440K, used 244010K [0x00000000e0000000, 0x0000000100000000)
  region size 1024K, 105 young (107520K), 6 survivors (6144K)
 Metaspace       used 81439K, committed 82624K, reserved 458752K
  class space    used 10322K, committed 10880K, reserved 327680K
}
Event: 4171.971 GC heap after
{Heap after GC invocations=137 (full 0):
 garbage-first heap   total 317440K, used 147159K [0x00000000e0000000, 0x0000000100000000)
  region size 1024K, 10 young (10240K), 10 survivors (10240K)
 Metaspace       used 81439K, committed 82624K, reserved 458752K
  class space    used 10322K, committed 10880K, reserved 327680K
}
Event: 4172.837 GC heap before
{Heap before GC invocations=137 (full 0):
 garbage-first heap   total 317440K, used 249559K [0x00000000e0000000, 0x0000000100000000)
  region size 1024K, 110 young (112640K), 10 survivors (10240K)
 Metaspace       used 81459K, committed 82624K, reserved 458752K
  class space    used 10322K, committed 10880K, reserved 327680K
}
Event: 4172.850 GC heap after
{Heap after GC invocations=138 (full 0):
 garbage-first heap   total 317440K, used 146951K [0x00000000e0000000, 0x0000000100000000)
  region size 1024K, 6 young (6144K), 6 survivors (6144K)
 Metaspace       used 81459K, committed 82624K, reserved 458752K
  class space    used 10322K, committed 10880K, reserved 327680K
}
Event: 4185.909 GC heap before
{Heap before GC invocations=138 (full 0):
 garbage-first heap   total 317440K, used 252423K [0x00000000e0000000, 0x0000000100000000)
  region size 1024K, 110 young (112640K), 6 survivors (6144K)
 Metaspace       used 81766K, committed 83008K, reserved 458752K
  class space    used 10354K, committed 10944K, reserved 327680K
}
Event: 4185.926 GC heap after
{Heap after GC invocations=139 (full 0):
 garbage-first heap   total 317440K, used 151733K [0x00000000e0000000, 0x0000000100000000)
  region size 1024K, 11 young (11264K), 11 survivors (11264K)
 Metaspace       used 81766K, committed 83008K, reserved 458752K
  class space    used 10354K, committed 10944K, reserved 327680K
}
Event: 4187.368 GC heap before
{Heap before GC invocations=139 (full 0):
 garbage-first heap   total 317440K, used 255157K [0x00000000e0000000, 0x0000000100000000)
  region size 1024K, 112 young (114688K), 11 survivors (11264K)
 Metaspace       used 81794K, committed 83008K, reserved 458752K
  class space    used 10360K, committed 10944K, reserved 327680K
}
Event: 4187.390 GC heap after
{Heap after GC invocations=140 (full 0):
 garbage-first heap   total 317440K, used 161103K [0x00000000e0000000, 0x0000000100000000)
  region size 1024K, 10 young (10240K), 10 survivors (10240K)
 Metaspace       used 81794K, committed 83008K, reserved 458752K
  class space    used 10360K, committed 10944K, reserved 327680K
}
Event: 4188.857 GC heap before
{Heap before GC invocations=140 (full 0):
 garbage-first heap   total 317440K, used 258383K [0x00000000e0000000, 0x0000000100000000)
  region size 1024K, 104 young (106496K), 10 survivors (10240K)
 Metaspace       used 81956K, committed 83264K, reserved 458752K
  class space    used 10374K, committed 11008K, reserved 327680K
}
Event: 4188.874 GC heap after
{Heap after GC invocations=141 (full 0):
 garbage-first heap   total 317440K, used 176308K [0x00000000e0000000, 0x0000000100000000)
  region size 1024K, 13 young (13312K), 13 survivors (13312K)
 Metaspace       used 81956K, committed 83264K, reserved 458752K
  class space    used 10374K, committed 11008K, reserved 327680K
}
Event: 4193.939 GC heap before
{Heap before GC invocations=142 (full 0):
 garbage-first heap   total 317440K, used 224436K [0x00000000e0000000, 0x0000000100000000)
  region size 1024K, 88 young (90112K), 13 survivors (13312K)
 Metaspace       used 83535K, committed 84864K, reserved 458752K
  class space    used 10561K, committed 11200K, reserved 327680K
}
Event: 4193.965 GC heap after
{Heap after GC invocations=143 (full 0):
 garbage-first heap   total 317440K, used 154469K [0x00000000e0000000, 0x0000000100000000)
  region size 1024K, 5 young (5120K), 5 survivors (5120K)
 Metaspace       used 83535K, committed 84864K, reserved 458752K
  class space    used 10561K, committed 11200K, reserved 327680K
}
Event: 4194.570 GC heap before
{Heap before GC invocations=143 (full 0):
 garbage-first heap   total 317440K, used 164709K [0x00000000e0000000, 0x0000000100000000)
  region size 1024K, 15 young (15360K), 5 survivors (5120K)
 Metaspace       used 83596K, committed 84928K, reserved 458752K
  class space    used 10564K, committed 11200K, reserved 327680K
}
Event: 4194.586 GC heap after
{Heap after GC invocations=144 (full 0):
 garbage-first heap   total 317440K, used 123793K [0x00000000e0000000, 0x0000000100000000)
  region size 1024K, 1 young (1024K), 1 survivors (1024K)
 Metaspace       used 83596K, committed 84928K, reserved 458752K
  class space    used 10564K, committed 11200K, reserved 327680K
}
Event: 4196.410 GC heap before
{Heap before GC invocations=144 (full 0):
 garbage-first heap   total 317440K, used 137105K [0x00000000e0000000, 0x0000000100000000)
  region size 1024K, 15 young (15360K), 1 survivors (1024K)
 Metaspace       used 83675K, committed 84992K, reserved 458752K
  class space    used 10573K, committed 11200K, reserved 327680K
}
Event: 4196.437 GC heap after
{Heap after GC invocations=145 (full 0):
 garbage-first heap   total 317440K, used 107933K [0x00000000e0000000, 0x0000000100000000)
  region size 1024K, 2 young (2048K), 2 survivors (2048K)
 Metaspace       used 83675K, committed 84992K, reserved 458752K
  class space    used 10573K, committed 11200K, reserved 327680K
}

